INFO         | Android emulator version 36.5.10.0 (build_id 15081367) (CL:N/A)
INFO         | Graphics backend: gfxstream
INFO         | Found systemPath /home/alpha/android-sdk/system-images/android-34/google_apis/x86_64/
INFO         | Increasing RAM size to 2048MB
##############################################################################
##                        WARNING - ACTION REQUIRED                         ##
##  Consider using the '-metrics-collection' flag to help improve the       ##
##  emulator by sending anonymized usage data. Or use the '-no-metrics'     ##
##  flag to bypass this warning and turn off the metrics collection.        ##
##  In a future release this warning will turn into a one-time blocking     ##
##  prompt to ask for explicit user input regarding metrics collection.     ##
##                                                                          ##
##  Please see '-help-metrics-collection' for more details. You can use     ##
##  '-metrics-to-file' or '-metrics-to-console' flags to see what type of   ##
##  data is being collected by emulator as part of usage statistics.        ##
##############################################################################
INFO         | Guest GLES Driver: Auto (ext controls)
INFO         | emuglConfig_init: vulkan_mode_selected:swiftshader gles_mode_selected:swiftshader
INFO         | Checking system compatibility:
INFO         |   Checking: hasSufficientDiskSpace
INFO         |      Ok: Disk space requirements to run avd: `pixel_7` are met
INFO         |   Checking: hasSufficientHwGpu
INFO         |      Ok: Hardware GPU compatibility checks are not required
INFO         |   Checking: hasSufficientSystem
INFO         |      Ok: System requirements to run avd: `pixel_7` are met
WARNING      | Downloaded protobuf file is corrupt.
ProbeKVM: This user doesn't have permissions to use KVM (/dev/kvm).
The KVM line in /etc/group is: [kvm:x:109:]

If the current user has KVM permissions,
the KVM line in /etc/group should end with ":" followed by your username.

If we see LINE_NOT_FOUND, the kvm group may need to be created along with permissions:
    sudo groupadd -r kvm
    # Then ensure /lib/udev/rules.d/50-udev-default.rules contains something like:
    # KERNEL=="kvm", GROUP="kvm", MODE="0660"
    # and then run:
    sudo gpasswd -a $USER kvm

If we see kvm:... but no username at the end, running the following command may allow KVM access:
    sudo gpasswd -a $USER kvm

You may need to log out and back in for changes to take effect.

ERROR        | x86_64 emulation currently requires hardware acceleration!
CPU acceleration status: This user doesn't have permissions to use KVM (/dev/kvm).
The KVM line in /etc/group is: [kvm:x:109:]

If the current user has KVM permissions,
the KVM line in /etc/group should end with ":" followed by your username.

If we see LINE_NOT_FOUND, the kvm gr
More info on configuring VM acceleration on Linux:
https://developer.android.com/studio/run/emulator-acceleration#vm-linux
General information on acceleration: https://developer.android.com/studio/run/emulator-acceleration.

